<?xml version="1.0" encoding="utf-8" standalone="no"?>
<!--This file represents the results of running a test suite-->
<test-results name="D:\Practice\UnitTests\bin\CheckAdditionTest.dll" total="2" errors="0" failures="1" not-run="0" inconclusive="0" ignored="0" skipped="0" invalid="0" date="2016-05-17" time="20:42:49">
  <environment nunit-version="2.6.4.14350" clr-version="2.0.50727.8009" os-version="Microsoft Windows NT 6.2.9200.0" platform="Win32NT" cwd="C:\Program Files (x86)\NUnit 2.6.4\bin" machine-name="MWP23" user="sayali.pande" user-domain="MOTIFWORKS" />
  <culture-info current-culture="en-IN" current-uiculture="en-US" />
  <test-suite type="Assembly" name="D:\Practice\UnitTests\bin\CheckAdditionTest.dll" executed="True" result="Failure" success="False" time="0.454" asserts="0">
    <results>
      <test-suite type="Namespace" name="CheckAdditionTest" executed="True" result="Failure" success="False" time="0.444" asserts="0">
        <results>
          <test-suite type="TestFixture" name="CalculateTest" executed="True" result="Failure" success="False" time="0.443" asserts="0">
            <results>
              <test-case name="CheckAdditionTest.CalculateTest.Test_Addition_Negative" executed="True" result="Failure" success="False" time="0.242" asserts="1">
                <failure>
                  <message><![CDATA[  Expected: 6
  But was:  5
]]></message>
                  <stack-trace><![CDATA[at CheckAdditionTest.CalculateTest.Test_Addition_Negative() in D:\Practice\UnitTests\CheckAdditionTest\CalculateTest.cs:line 22
]]></stack-trace>
                </failure>
              </test-case>
              <test-case name="CheckAdditionTest.CalculateTest.Test_Addition_Positive" executed="True" result="Success" success="True" time="0.000" asserts="1" />
            </results>
          </test-suite>
        </results>
      </test-suite>
    </results>
  </test-suite>
</test-results>