<?xml version="1.0" encoding="utf-8" standalone="no"?>
<!--This file represents the results of running a test suite-->
<test-results name="D:\Practice\UnitTests\CheckAdditionTest\bin\Debug\CheckAdditionTest.dll" total="1" errors="0" failures="0" not-run="0" inconclusive="0" ignored="0" skipped="0" invalid="0" date="2016-05-17" time="20:36:28">
  <environment nunit-version="2.6.4.14350" clr-version="2.0.50727.8009" os-version="Microsoft Windows NT 6.2.9200.0" platform="Win32NT" cwd="C:\Program Files (x86)\NUnit 2.6.4\bin" machine-name="MWP23" user="sayali.pande" user-domain="MOTIFWORKS" />
  <culture-info current-culture="en-IN" current-uiculture="en-US" />
  <test-suite type="Assembly" name="D:\Practice\UnitTests\CheckAdditionTest\bin\Debug\CheckAdditionTest.dll" executed="True" result="Success" success="True" time="0.131" asserts="0">
    <results>
      <test-suite type="Namespace" name="CheckAdditionTest" executed="True" result="Success" success="True" time="0.121" asserts="0">
        <results>
          <test-suite type="TestFixture" name="CalculateTest" executed="True" result="Success" success="True" time="0.120" asserts="0">
            <results>
              <test-case name="CheckAdditionTest.CalculateTest.Test_Addition" executed="True" result="Success" success="True" time="0.099" asserts="1" />
            </results>
          </test-suite>
        </results>
      </test-suite>
    </results>
  </test-suite>
</test-results>